Base path: 'C:/Program Files/Unity/Hub/Editor/2019.4.16f1/Editor/Data', plugins path 'C:/Program Files/Unity/Hub/Editor/2019.4.16f1/Editor/Data/PlaybackEngines'
Cmd: initializeCompiler
Cmd: compileSnippet
  api=4 type=0 insize=1302 outsize=1414 kw=UNITY_PASS_SHADOWCASTER SHADOWS_DEPTH pd=UNITY_NO_DXT5nm UNITY_ENABLE_REFLECTION_BUFFERS UNITY_NO_CUBEMAP_ARRAY UNITY_NO_SCREENSPACE_SHADOWS UNITY_PBS_USE_BRDF2 SHADER_API_DESKTOP UNITY_HARDWARE_TIER3 UNITY_COLORSPACE_GAMMA UNITY_LIGHTMAP_DLDR_ENCODING ok=1
Cmd: compileSnippet
  api=4 type=1 insize=1602 outsize=2978 kw=UNITY_PASS_FORWARDBASE DIRECTIONAL LIGHTPROBE_SH _ALPHAPREMULTIPLY_ON pd=UNITY_NO_DXT5nm UNITY_ENABLE_REFLECTION_BUFFERS UNITY_NO_CUBEMAP_ARRAY UNITY_NO_SCREENSPACE_SHADOWS UNITY_PBS_USE_BRDF2 SHADER_API_DESKTOP UNITY_HARDWARE_TIER3 UNITY_COLORSPACE_GAMMA UNITY_LIGHTMAP_DLDR_ENCODING ok=1
Cmd: initializeCompiler
Cmd: compileComputeKernel
  api=9 insize=12109 outsize=4089 ok=1
Cmd: compileComputeKernel
  api=9 insize=12109 outsize=3661 ok=1
Cmd: compileComputeKernel
  api=4 insize=12109 outsize=1046 ok=1
Cmd: compileComputeKernel
  api=4 insize=12109 outsize=1863 ok=1
Cmd: compileComputeKernel
  api=4 insize=12109 outsize=1364 ok=1
Cmd: compileComputeKernel
  api=9 insize=11985 outsize=3242 ok=1
Cmd: compileComputeKernel
  api=9 insize=11985 outsize=3279 ok=1
Cmd: compileComputeKernel
  api=4 insize=11985 outsize=1465 ok=1
Cmd: compileComputeKernel
  api=4 insize=11985 outsize=1620 ok=1
Cmd: compileComputeKernel
  api=4 insize=11985 outsize=1495 ok=1
Cmd: compileComputeKernel
  api=9 insize=18301 outsize=7250 ok=1
Cmd: compileComputeKernel
  api=4 insize=18301 outsize=2137 ok=1
Cmd: compileComputeKernel
  api=4 insize=18301 outsize=3063 ok=1
Cmd: compileComputeKernel
  api=4 insize=18301 outsize=5425 ok=1
Cmd: compileComputeKernel
  api=9 insize=66874 outsize=5907 ok=1
Cmd: compileComputeKernel
  api=9 insize=66874 outsize=5328 ok=1
Cmd: compileComputeKernel
  api=9 insize=66874 outsize=4527 ok=1
Cmd: compileComputeKernel
  api=9 insize=66874 outsize=3708 ok=1
Cmd: compileComputeKernel
  api=9 insize=66874 outsize=2999 ok=1
Cmd: compileComputeKernel
  api=9 insize=66874 outsize=3014 ok=1
Cmd: compileComputeKernel
  api=9 insize=66874 outsize=3565 ok=1
Cmd: compileComputeKernel
  api=9 insize=66874 outsize=3095 ok=1
Cmd: compileComputeKernel
  api=9 insize=66874 outsize=3740 ok=1
Cmd: compileComputeKernel
  api=9 insize=66874 outsize=4201 ok=1
Cmd: compileComputeKernel
  api=9 insize=66874 outsize=4202 ok=1
Cmd: compileComputeKernel
  api=9 insize=66874 outsize=4241 ok=1
Cmd: compileComputeKernel
  api=9 insize=66874 outsize=3062 ok=1
Cmd: compileComputeKernel
  api=9 insize=66874 outsize=4845 ok=1
Cmd: compileComputeKernel
  api=9 insize=66874 outsize=4051 ok=1
Cmd: compileComputeKernel
  api=9 insize=66874 outsize=5104 ok=1
Cmd: compileComputeKernel
  api=4 insize=66874 outsize=1579 ok=1
Cmd: compileComputeKernel
  api=4 insize=66874 outsize=2634 ok=1
Cmd: compileComputeKernel
  api=4 insize=66874 outsize=1461 ok=1
Cmd: compileComputeKernel
  api=4 insize=66874 outsize=2029 ok=1
Cmd: compileComputeKernel
  api=4 insize=66874 outsize=3335 ok=1
Cmd: compileComputeKernel
  api=4 insize=66874 outsize=1285 ok=1
Cmd: compileComputeKernel
  api=4 insize=66874 outsize=1682 ok=1
Cmd: compileComputeKernel
  api=4 insize=66874 outsize=1311 ok=1
Cmd: compileComputeKernel
  api=4 insize=66874 outsize=1580 ok=1
Cmd: compileComputeKernel
  api=4 insize=66874 outsize=2259 ok=1
Cmd: compileComputeKernel
  api=4 insize=66874 outsize=1851 ok=1
Cmd: compileComputeKernel
  api=4 insize=66874 outsize=1997 ok=1
Cmd: compileComputeKernel
  api=4 insize=66874 outsize=1341 ok=1
Cmd: compileComputeKernel
  api=4 insize=66874 outsize=2026 ok=1
Cmd: compileComputeKernel
  api=4 insize=66874 outsize=1680 ok=1
Cmd: compileComputeKernel
  api=4 insize=66874 outsize=1382 ok=1
Cmd: compileComputeKernel
  api=4 insize=72903 outsize=7888 ok=1
Cmd: compileComputeKernel
  api=9 insize=34089 outsize=1776 ok=1
Cmd: compileComputeKernel
  api=9 insize=34089 outsize=2080 ok=1
Cmd: compileComputeKernel
  api=9 insize=34089 outsize=2010 ok=1
Cmd: compileComputeKernel
  api=9 insize=34089 outsize=1778 ok=1
Cmd: compileComputeKernel
  api=9 insize=34089 outsize=2954 ok=1
Cmd: compileComputeKernel
  api=9 insize=34089 outsize=2869 ok=1
Cmd: compileComputeKernel
  api=9 insize=34089 outsize=2912 ok=1
Cmd: compileComputeKernel
  api=9 insize=34089 outsize=3060 ok=1
Cmd: compileComputeKernel
  api=4 insize=34089 outsize=1157 ok=1
Cmd: compileComputeKernel
  api=4 insize=34089 outsize=950 ok=1
Cmd: compileComputeKernel
  api=4 insize=34089 outsize=674 ok=1
Cmd: compileComputeKernel
  api=4 insize=34089 outsize=872 ok=1
Cmd: compileComputeKernel
  api=4 insize=34089 outsize=1137 ok=1
Cmd: compileComputeKernel
  api=4 insize=34089 outsize=1457 ok=1
Cmd: compileComputeKernel
  api=4 insize=34089 outsize=1340 ok=1
Cmd: compileComputeKernel
  api=4 insize=34089 outsize=1296 ok=1
Cmd: compileComputeKernel
  api=4 insize=34089 outsize=1248 ok=1
Cmd: compileComputeKernel
  api=4 insize=34089 outsize=1631 ok=1
Cmd: compileComputeKernel
  api=9 insize=79248 outsize=56344 ok=1
Cmd: compileComputeKernel
  api=4 insize=79248 outsize=35630 ok=1
