Base path: 'C:/Program Files/Unity/Hub/Editor/2019.4.16f1/Editor/Data', plugins path 'C:/Program Files/Unity/Hub/Editor/2019.4.16f1/Editor/Data/PlaybackEngines'
Cmd: initializeCompiler
Cmd: compileSnippet
  api=4 type=0 insize=1602 outsize=2254 kw=UNITY_PASS_FORWARDBASE DIRECTIONAL LIGHTPROBE_SH _NORMALMAP _SPECULARHIGHLIGHTS_OFF _GLOSSYREFLECTIONS_OFF pd=UNITY_NO_DXT5nm UNITY_ENABLE_REFLECTION_BUFFERS UNITY_NO_CUBEMAP_ARRAY UNITY_NO_SCREENSPACE_SHADOWS UNITY_PBS_USE_BRDF2 SHADER_API_DESKTOP UNITY_HARDWARE_TIER3 UNITY_COLORSPACE_GAMMA UNITY_LIGHTMAP_DLDR_ENCODING ok=1
Cmd: initializeCompiler
Cmd: compileComputeKernel
  api=9 insize=12109 outsize=3831 ok=1
Cmd: compileComputeKernel
  api=9 insize=12109 outsize=4794 ok=1
Cmd: compileComputeKernel
  api=4 insize=12109 outsize=1931 ok=1
Cmd: compileComputeKernel
  api=9 insize=11985 outsize=3238 ok=1
Cmd: compileComputeKernel
  api=9 insize=11985 outsize=3424 ok=1
Cmd: compileComputeKernel
  api=9 insize=11985 outsize=3484 ok=1
Cmd: compileComputeKernel
  api=4 insize=11985 outsize=1465 ok=1
Cmd: compileComputeKernel
  api=9 insize=18301 outsize=7068 ok=1
Cmd: compileComputeKernel
  api=4 insize=18301 outsize=2137 ok=1
Cmd: compileComputeKernel
  api=4 insize=18301 outsize=3271 ok=1
Cmd: compileComputeKernel
  api=9 insize=66874 outsize=6417 ok=1
Cmd: compileComputeKernel
  api=9 insize=66874 outsize=3279 ok=1
Cmd: compileComputeKernel
  api=9 insize=66874 outsize=4396 ok=1
Cmd: compileComputeKernel
  api=9 insize=66874 outsize=6812 ok=1
Cmd: compileComputeKernel
  api=9 insize=66874 outsize=3496 ok=1
Cmd: compileComputeKernel
  api=9 insize=66874 outsize=3095 ok=1
Cmd: compileComputeKernel
  api=9 insize=66874 outsize=3001 ok=1
Cmd: compileComputeKernel
  api=9 insize=66874 outsize=4198 ok=1
Cmd: compileComputeKernel
  api=9 insize=66874 outsize=4202 ok=1
Cmd: compileComputeKernel
  api=9 insize=66874 outsize=4245 ok=1
Cmd: compileComputeKernel
  api=9 insize=66874 outsize=3048 ok=1
Cmd: compileComputeKernel
  api=9 insize=66874 outsize=4544 ok=1
Cmd: compileComputeKernel
  api=9 insize=66874 outsize=3985 ok=1
Cmd: compileComputeKernel
  api=9 insize=66874 outsize=3162 ok=1
Cmd: compileComputeKernel
  api=4 insize=66874 outsize=1495 ok=1
Cmd: compileComputeKernel
  api=4 insize=66874 outsize=1610 ok=1
Cmd: compileComputeKernel
  api=4 insize=66874 outsize=1287 ok=1
Cmd: compileComputeKernel
  api=4 insize=66874 outsize=1369 ok=1
Cmd: compileComputeKernel
  api=4 insize=66874 outsize=1321 ok=1
Cmd: compileComputeKernel
  api=4 insize=66874 outsize=1311 ok=1
Cmd: compileComputeKernel
  api=4 insize=66874 outsize=1364 ok=1
Cmd: compileComputeKernel
  api=4 insize=66874 outsize=1819 ok=1
Cmd: compileComputeKernel
  api=4 insize=66874 outsize=1851 ok=1
Cmd: compileComputeKernel
  api=4 insize=66874 outsize=1849 ok=1
Cmd: compileComputeKernel
  api=4 insize=66874 outsize=1326 ok=1
Cmd: compileComputeKernel
  api=4 insize=66874 outsize=1346 ok=1
Cmd: compileComputeKernel
  api=4 insize=66874 outsize=1590 ok=1
Cmd: compileComputeKernel
  api=4 insize=66874 outsize=1750 ok=1
Cmd: compileComputeKernel
  api=9 insize=72903 outsize=16784 ok=1
Cmd: compileComputeKernel
  api=9 insize=34089 outsize=1778 ok=1
Cmd: compileComputeKernel
  api=9 insize=34089 outsize=2203 ok=1
Cmd: compileComputeKernel
  api=9 insize=34089 outsize=2207 ok=1
Cmd: compileComputeKernel
  api=9 insize=34089 outsize=1873 ok=1
Cmd: compileComputeKernel
  api=9 insize=34089 outsize=2872 ok=1
Cmd: compileComputeKernel
  api=9 insize=34089 outsize=3167 ok=1
Cmd: compileComputeKernel
  api=9 insize=34089 outsize=3082 ok=1
Cmd: compileComputeKernel
  api=9 insize=34089 outsize=2947 ok=1
Cmd: compileComputeKernel
  api=9 insize=34089 outsize=3054 ok=1
Cmd: compileComputeKernel
  api=9 insize=34089 outsize=2935 ok=1
Cmd: compileComputeKernel
  api=4 insize=34089 outsize=675 ok=1
Cmd: compileComputeKernel
  api=4 insize=34089 outsize=775 ok=1
Cmd: compileComputeKernel
  api=4 insize=34089 outsize=854 ok=1
Cmd: compileComputeKernel
  api=4 insize=34089 outsize=701 ok=1
Cmd: compileComputeKernel
  api=4 insize=34089 outsize=759 ok=1
Cmd: compileComputeKernel
  api=4 insize=34089 outsize=1134 ok=1
Cmd: compileComputeKernel
  api=4 insize=34089 outsize=1861 ok=1
Cmd: compileComputeKernel
  api=4 insize=34089 outsize=1369 ok=1
Cmd: compileComputeKernel
  api=4 insize=34089 outsize=1442 ok=1
Cmd: compileComputeKernel
  api=4 insize=34089 outsize=1311 ok=1
Cmd: compileComputeKernel
  api=4 insize=34089 outsize=1221 ok=1
Cmd: compileComputeKernel
  api=4 insize=34089 outsize=1618 ok=1
Cmd: compileComputeKernel
  api=9 insize=79248 outsize=28593 ok=1
Cmd: compileComputeKernel
  api=9 insize=79248 outsize=8992 ok=1
Cmd: compileComputeKernel
  api=9 insize=79248 outsize=9025 ok=1
Cmd: compileComputeKernel
  api=9 insize=79248 outsize=6570 ok=1
Cmd: compileComputeKernel
  api=9 insize=79248 outsize=6571 ok=1
Cmd: compileComputeKernel
  api=9 insize=79248 outsize=7946 ok=1
Cmd: compileComputeKernel
  api=9 insize=79248 outsize=3330 ok=1
Cmd: compileComputeKernel
  api=9 insize=79248 outsize=4072 ok=1
Cmd: compileComputeKernel
  api=9 insize=79248 outsize=3955 ok=1
Cmd: compileComputeKernel
  api=9 insize=79248 outsize=26162 ok=1
Cmd: compileComputeKernel
  api=4 insize=79248 outsize=2787 ok=1
Cmd: compileComputeKernel
  api=4 insize=79248 outsize=6364 ok=1
Cmd: compileComputeKernel
  api=4 insize=79248 outsize=14204 ok=1
Cmd: compileComputeKernel
  api=4 insize=79248 outsize=14580 ok=1
Cmd: compileComputeKernel
  api=4 insize=79248 outsize=22065 ok=1
Cmd: compileComputeKernel
  api=9 insize=4442 outsize=2968 ok=1
Cmd: compileComputeKernel
  api=4 insize=4442 outsize=1449 ok=1
