Base path: 'C:/Program Files/Unity/Hub/Editor/2019.4.16f1/Editor/Data', plugins path 'C:/Program Files/Unity/Hub/Editor/2019.4.16f1/Editor/Data/PlaybackEngines'
Cmd: initializeCompiler
Cmd: compileSnippet
  api=4 type=1 insize=1302 outsize=574 kw=UNITY_PASS_SHADOWCASTER SHADOWS_DEPTH _ALPHAPREMULTIPLY_ON pd=UNITY_NO_DXT5nm UNITY_ENABLE_REFLECTION_BUFFERS UNITY_NO_CUBEMAP_ARRAY UNITY_NO_SCREENSPACE_SHADOWS UNITY_PBS_USE_BRDF2 SHADER_API_DESKTOP UNITY_HARDWARE_TIER3 UNITY_COLORSPACE_GAMMA UNITY_LIGHTMAP_DLDR_ENCODING ok=1
Cmd: initializeCompiler
Cmd: compileComputeKernel
  api=9 insize=12109 outsize=2656 ok=1
Cmd: compileComputeKernel
  api=9 insize=12109 outsize=3317 ok=1
Cmd: compileComputeKernel
  api=4 insize=12109 outsize=1099 ok=1
Cmd: compileComputeKernel
  api=4 insize=12109 outsize=1971 ok=1
Cmd: compileComputeKernel
  api=9 insize=11985 outsize=3238 ok=1
Cmd: compileComputeKernel
  api=9 insize=11985 outsize=3288 ok=1
Cmd: compileComputeKernel
  api=9 insize=11985 outsize=3500 ok=1
Cmd: compileComputeKernel
  api=4 insize=11985 outsize=1497 ok=1
Cmd: compileComputeKernel
  api=4 insize=11985 outsize=1611 ok=1
Cmd: compileComputeKernel
  api=9 insize=18301 outsize=7214 ok=1
Cmd: compileComputeKernel
  api=4 insize=18301 outsize=2213 ok=1
Cmd: compileComputeKernel
  api=4 insize=18301 outsize=3156 ok=1
Cmd: compileComputeKernel
  api=9 insize=66874 outsize=6381 ok=1
Cmd: compileComputeKernel
  api=9 insize=66874 outsize=3269 ok=1
Cmd: compileComputeKernel
  api=9 insize=66874 outsize=3304 ok=1
Cmd: compileComputeKernel
  api=9 insize=66874 outsize=3302 ok=1
Cmd: compileComputeKernel
  api=9 insize=66874 outsize=3708 ok=1
Cmd: compileComputeKernel
  api=9 insize=66874 outsize=2997 ok=1
Cmd: compileComputeKernel
  api=9 insize=66874 outsize=3128 ok=1
Cmd: compileComputeKernel
  api=9 insize=66874 outsize=3118 ok=1
Cmd: compileComputeKernel
  api=9 insize=66874 outsize=3331 ok=1
Cmd: compileComputeKernel
  api=9 insize=66874 outsize=3106 ok=1
Cmd: compileComputeKernel
  api=9 insize=66874 outsize=4963 ok=1
Cmd: compileComputeKernel
  api=9 insize=66874 outsize=4239 ok=1
Cmd: compileComputeKernel
  api=9 insize=66874 outsize=4485 ok=1
Cmd: compileComputeKernel
  api=9 insize=66874 outsize=3109 ok=1
Cmd: compileComputeKernel
  api=9 insize=66874 outsize=7762 ok=1
Cmd: compileComputeKernel
  api=9 insize=66874 outsize=4877 ok=1
Cmd: compileComputeKernel
  api=4 insize=66874 outsize=1579 ok=1
Cmd: compileComputeKernel
  api=4 insize=66874 outsize=1634 ok=1
Cmd: compileComputeKernel
  api=4 insize=66874 outsize=1489 ok=1
Cmd: compileComputeKernel
  api=4 insize=66874 outsize=1689 ok=1
Cmd: compileComputeKernel
  api=4 insize=66874 outsize=1431 ok=1
Cmd: compileComputeKernel
  api=4 insize=66874 outsize=1610 ok=1
Cmd: compileComputeKernel
  api=4 insize=66874 outsize=1287 ok=1
Cmd: compileComputeKernel
  api=4 insize=66874 outsize=1369 ok=1
Cmd: compileComputeKernel
  api=4 insize=66874 outsize=1465 ok=1
Cmd: compileComputeKernel
  api=4 insize=66874 outsize=1311 ok=1
Cmd: compileComputeKernel
  api=4 insize=66874 outsize=1364 ok=1
Cmd: compileComputeKernel
  api=4 insize=66874 outsize=1819 ok=1
Cmd: compileComputeKernel
  api=4 insize=66874 outsize=1974 ok=1
Cmd: compileComputeKernel
  api=4 insize=66874 outsize=1853 ok=1
Cmd: compileComputeKernel
  api=4 insize=66874 outsize=1326 ok=1
Cmd: compileComputeKernel
  api=4 insize=66874 outsize=1301 ok=1
Cmd: compileComputeKernel
  api=4 insize=66874 outsize=3544 ok=1
Cmd: compileComputeKernel
  api=4 insize=66874 outsize=2421 ok=1
Cmd: compileComputeKernel
  api=4 insize=72903 outsize=7768 ok=1
Cmd: compileComputeKernel
  api=9 insize=34089 outsize=1780 ok=1
Cmd: compileComputeKernel
  api=9 insize=34089 outsize=1915 ok=1
Cmd: compileComputeKernel
  api=9 insize=34089 outsize=1673 ok=1
Cmd: compileComputeKernel
  api=9 insize=34089 outsize=1525 ok=1
Cmd: compileComputeKernel
  api=9 insize=34089 outsize=1945 ok=1
Cmd: compileComputeKernel
  api=9 insize=34089 outsize=2997 ok=1
Cmd: compileComputeKernel
  api=9 insize=34089 outsize=3167 ok=1
Cmd: compileComputeKernel
  api=9 insize=34089 outsize=3082 ok=1
Cmd: compileComputeKernel
  api=9 insize=34089 outsize=2870 ok=1
Cmd: compileComputeKernel
  api=9 insize=34089 outsize=3007 ok=1
Cmd: compileComputeKernel
  api=4 insize=34089 outsize=772 ok=1
Cmd: compileComputeKernel
  api=4 insize=34089 outsize=770 ok=1
Cmd: compileComputeKernel
  api=4 insize=34089 outsize=711 ok=1
Cmd: compileComputeKernel
  api=4 insize=34089 outsize=910 ok=1
Cmd: compileComputeKernel
  api=4 insize=34089 outsize=1023 ok=1
Cmd: compileComputeKernel
  api=4 insize=34089 outsize=769 ok=1
Cmd: compileComputeKernel
  api=4 insize=34089 outsize=1035 ok=1
Cmd: compileComputeKernel
  api=4 insize=34089 outsize=1258 ok=1
Cmd: compileComputeKernel
  api=4 insize=34089 outsize=1520 ok=1
Cmd: compileComputeKernel
  api=4 insize=34089 outsize=1359 ok=1
Cmd: compileComputeKernel
  api=4 insize=34089 outsize=1288 ok=1
Cmd: compileComputeKernel
  api=4 insize=34089 outsize=1346 ok=1
Cmd: compileComputeKernel
  api=4 insize=34089 outsize=1364 ok=1
Cmd: compileComputeKernel
  api=9 insize=79248 outsize=5796 ok=1
Cmd: compileComputeKernel
  api=9 insize=79248 outsize=57394 ok=1
Cmd: compileComputeKernel
  api=4 insize=79248 outsize=35778 ok=1
Cmd: compileComputeKernel
  api=9 insize=4442 outsize=3716 ok=1
Cmd: compileComputeKernel
  api=9 insize=1900 outsize=6232 ok=1
Cmd: compileSnippet
  api=4 type=1 insize=1602 outsize=4046 kw=UNITY_PASS_FORWARDBASE DIRECTIONAL SHADOWS_SCREEN LIGHTPROBE_SH _NORMALMAP pd=UNITY_NO_DXT5nm UNITY_ENABLE_REFLECTION_BUFFERS UNITY_NO_CUBEMAP_ARRAY UNITY_NO_SCREENSPACE_SHADOWS UNITY_PBS_USE_BRDF2 SHADER_API_DESKTOP UNITY_HARDWARE_TIER3 UNITY_COLORSPACE_GAMMA UNITY_LIGHTMAP_DLDR_ENCODING ok=1
