Base path: 'C:/Program Files/Unity/Hub/Editor/2019.4.16f1/Editor/Data', plugins path 'C:/Program Files/Unity/Hub/Editor/2019.4.16f1/Editor/Data/PlaybackEngines'
Cmd: initializeCompiler
Cmd: compileSnippet
  api=4 type=0 insize=1302 outsize=1534 kw=UNITY_PASS_SHADOWCASTER SHADOWS_DEPTH _ALPHAPREMULTIPLY_ON pd=UNITY_NO_DXT5nm UNITY_ENABLE_REFLECTION_BUFFERS UNITY_NO_CUBEMAP_ARRAY UNITY_NO_SCREENSPACE_SHADOWS UNITY_PBS_USE_BRDF2 SHADER_API_DESKTOP UNITY_HARDWARE_TIER3 UNITY_COLORSPACE_GAMMA UNITY_LIGHTMAP_DLDR_ENCODING ok=1
Cmd: initializeCompiler
Cmd: compileComputeKernel
  api=9 insize=12109 outsize=3848 ok=1
Cmd: compileComputeKernel
  api=4 insize=12109 outsize=1558 ok=1
Cmd: compileComputeKernel
  api=4 insize=12109 outsize=2631 ok=1
Cmd: compileComputeKernel
  api=9 insize=11985 outsize=3241 ok=1
Cmd: compileComputeKernel
  api=9 insize=11985 outsize=3242 ok=1
Cmd: compileComputeKernel
  api=9 insize=11985 outsize=3281 ok=1
Cmd: compileComputeKernel
  api=4 insize=11985 outsize=1465 ok=1
Cmd: compileComputeKernel
  api=4 insize=11985 outsize=1499 ok=1
Cmd: compileComputeKernel
  api=9 insize=18301 outsize=7320 ok=1
Cmd: compileComputeKernel
  api=4 insize=18301 outsize=3139 ok=1
Cmd: compileComputeKernel
  api=9 insize=66874 outsize=5870 ok=1
Cmd: compileComputeKernel
  api=9 insize=66874 outsize=5079 ok=1
Cmd: compileComputeKernel
  api=9 insize=66874 outsize=4389 ok=1
Cmd: compileComputeKernel
  api=9 insize=66874 outsize=3448 ok=1
Cmd: compileComputeKernel
  api=9 insize=66874 outsize=3001 ok=1
Cmd: compileComputeKernel
  api=9 insize=66874 outsize=4242 ok=1
Cmd: compileComputeKernel
  api=9 insize=66874 outsize=4484 ok=1
Cmd: compileComputeKernel
  api=9 insize=66874 outsize=3164 ok=1
Cmd: compileComputeKernel
  api=9 insize=66874 outsize=3208 ok=1
Cmd: compileComputeKernel
  api=9 insize=66874 outsize=2327 ok=1
Cmd: compileComputeKernel
  api=4 insize=66874 outsize=2922 ok=1
Cmd: compileComputeKernel
  api=4 insize=66874 outsize=2631 ok=1
Cmd: compileComputeKernel
  api=4 insize=66874 outsize=1489 ok=1
Cmd: compileComputeKernel
  api=4 insize=66874 outsize=2041 ok=1
Cmd: compileComputeKernel
  api=4 insize=66874 outsize=1647 ok=1
Cmd: compileComputeKernel
  api=4 insize=66874 outsize=1287 ok=1
Cmd: compileComputeKernel
  api=4 insize=66874 outsize=1284 ok=1
Cmd: compileComputeKernel
  api=4 insize=66874 outsize=1682 ok=1
Cmd: compileComputeKernel
  api=4 insize=66874 outsize=1359 ok=1
Cmd: compileComputeKernel
  api=4 insize=66874 outsize=1284 ok=1
Cmd: compileComputeKernel
  api=4 insize=66874 outsize=1819 ok=1
Cmd: compileComputeKernel
  api=4 insize=66874 outsize=1819 ok=1
Cmd: compileComputeKernel
  api=4 insize=66874 outsize=1856 ok=1
Cmd: compileComputeKernel
  api=4 insize=66874 outsize=1849 ok=1
Cmd: compileComputeKernel
  api=4 insize=66874 outsize=1301 ok=1
Cmd: compileComputeKernel
  api=4 insize=66874 outsize=1302 ok=1
Cmd: compileComputeKernel
  api=4 insize=66874 outsize=1449 ok=1
Cmd: compileComputeKernel
  api=4 insize=66874 outsize=921 ok=1
Cmd: compileComputeKernel
  api=9 insize=72903 outsize=11233 ok=1
Cmd: compileComputeKernel
  api=9 insize=34089 outsize=1774 ok=1
Cmd: compileComputeKernel
  api=9 insize=34089 outsize=1798 ok=1
Cmd: compileComputeKernel
  api=9 insize=34089 outsize=2032 ok=1
Cmd: compileComputeKernel
  api=9 insize=34089 outsize=1912 ok=1
Cmd: compileComputeKernel
  api=9 insize=34089 outsize=1821 ok=1
Cmd: compileComputeKernel
  api=9 insize=34089 outsize=2963 ok=1
Cmd: compileComputeKernel
  api=9 insize=34089 outsize=3261 ok=1
Cmd: compileComputeKernel
  api=9 insize=34089 outsize=2954 ok=1
Cmd: compileComputeKernel
  api=9 insize=34089 outsize=2869 ok=1
Cmd: compileComputeKernel
  api=9 insize=34089 outsize=2959 ok=1
Cmd: compileComputeKernel
  api=9 insize=34089 outsize=3324 ok=1
Cmd: compileComputeKernel
  api=4 insize=34089 outsize=937 ok=1
Cmd: compileComputeKernel
  api=4 insize=34089 outsize=753 ok=1
Cmd: compileComputeKernel
  api=4 insize=34089 outsize=796 ok=1
Cmd: compileComputeKernel
  api=4 insize=34089 outsize=700 ok=1
Cmd: compileComputeKernel
  api=4 insize=34089 outsize=1321 ok=1
Cmd: compileComputeKernel
  api=9 insize=79248 outsize=14202 ok=1
Cmd: compileComputeKernel
  api=9 insize=79248 outsize=50561 ok=1
Cmd: compileComputeKernel
  api=4 insize=79248 outsize=24890 ok=1
Cmd: compileComputeKernel
  api=9 insize=4442 outsize=3689 ok=1
Cmd: compileComputeKernel
  api=4 insize=4442 outsize=1750 ok=1
Cmd: compileSnippet
  api=4 type=0 insize=1602 outsize=2254 kw=UNITY_PASS_FORWARDBASE DIRECTIONAL SHADOWS_SCREEN LIGHTPROBE_SH _NORMALMAP _SPECULARHIGHLIGHTS_OFF _GLOSSYREFLECTIONS_OFF pd=UNITY_NO_DXT5nm UNITY_ENABLE_REFLECTION_BUFFERS UNITY_NO_CUBEMAP_ARRAY UNITY_NO_SCREENSPACE_SHADOWS UNITY_PBS_USE_BRDF2 SHADER_API_DESKTOP UNITY_HARDWARE_TIER3 UNITY_COLORSPACE_GAMMA UNITY_LIGHTMAP_DLDR_ENCODING ok=1
