Base path: 'C:/Program Files/Unity/Hub/Editor/2019.4.16f1/Editor/Data', plugins path 'C:/Program Files/Unity/Hub/Editor/2019.4.16f1/Editor/Data/PlaybackEngines'
Cmd: initializeCompiler
Cmd: compileSnippet
  api=4 type=0 insize=1602 outsize=1894 kw=UNITY_PASS_FORWARDBASE DIRECTIONAL LIGHTPROBE_SH pd=UNITY_NO_DXT5nm UNITY_ENABLE_REFLECTION_BUFFERS UNITY_NO_CUBEMAP_ARRAY UNITY_NO_SCREENSPACE_SHADOWS UNITY_PBS_USE_BRDF2 SHADER_API_DESKTOP UNITY_HARDWARE_TIER3 UNITY_COLORSPACE_GAMMA UNITY_LIGHTMAP_DLDR_ENCODING ok=1
Cmd: initializeCompiler
Cmd: compileComputeKernel
  api=9 insize=12109 outsize=3897 ok=1
Cmd: compileComputeKernel
  api=9 insize=12109 outsize=2917 ok=1
Cmd: compileComputeKernel
  api=4 insize=12109 outsize=1126 ok=1
Cmd: compileComputeKernel
  api=4 insize=12109 outsize=2218 ok=1
Cmd: compileComputeKernel
  api=9 insize=11985 outsize=3238 ok=1
Cmd: compileComputeKernel
  api=9 insize=11985 outsize=3282 ok=1
Cmd: compileComputeKernel
  api=9 insize=11985 outsize=3285 ok=1
Cmd: compileComputeKernel
  api=4 insize=11985 outsize=1469 ok=1
Cmd: compileComputeKernel
  api=4 insize=11985 outsize=1465 ok=1
Cmd: compileComputeKernel
  api=4 insize=11985 outsize=1502 ok=1
Cmd: compileComputeKernel
  api=4 insize=11985 outsize=1528 ok=1
Cmd: compileComputeKernel
  api=9 insize=18301 outsize=7178 ok=1
Cmd: compileComputeKernel
  api=4 insize=18301 outsize=2233 ok=1
Cmd: compileComputeKernel
  api=4 insize=18301 outsize=3063 ok=1
Cmd: compileComputeKernel
  api=4 insize=18301 outsize=5897 ok=1
Cmd: compileComputeKernel
  api=9 insize=66874 outsize=3436 ok=1
Cmd: compileComputeKernel
  api=9 insize=66874 outsize=3608 ok=1
Cmd: compileComputeKernel
  api=9 insize=66874 outsize=3255 ok=1
Cmd: compileComputeKernel
  api=9 insize=66874 outsize=4621 ok=1
Cmd: compileComputeKernel
  api=9 insize=66874 outsize=2997 ok=1
Cmd: compileComputeKernel
  api=9 insize=66874 outsize=3128 ok=1
Cmd: compileComputeKernel
  api=9 insize=66874 outsize=3043 ok=1
Cmd: compileComputeKernel
  api=9 insize=66874 outsize=3040 ok=1
Cmd: compileComputeKernel
  api=9 insize=66874 outsize=3036 ok=1
Cmd: compileComputeKernel
  api=9 insize=66874 outsize=4198 ok=1
Cmd: compileComputeKernel
  api=9 insize=66874 outsize=4242 ok=1
Cmd: compileComputeKernel
  api=9 insize=66874 outsize=4484 ok=1
Cmd: compileComputeKernel
  api=9 insize=66874 outsize=2995 ok=1
Cmd: compileComputeKernel
  api=9 insize=66874 outsize=6835 ok=1
Cmd: compileComputeKernel
  api=4 insize=66874 outsize=3099 ok=1
Cmd: compileComputeKernel
  api=4 insize=66874 outsize=1489 ok=1
Cmd: compileComputeKernel
  api=4 insize=66874 outsize=2077 ok=1
Cmd: compileComputeKernel
  api=4 insize=66874 outsize=1597 ok=1
Cmd: compileComputeKernel
  api=4 insize=66874 outsize=1324 ok=1
Cmd: compileComputeKernel
  api=4 insize=66874 outsize=1520 ok=1
Cmd: compileComputeKernel
  api=4 insize=66874 outsize=1861 ok=1
Cmd: compileComputeKernel
  api=4 insize=66874 outsize=1387 ok=1
Cmd: compileComputeKernel
  api=4 insize=66874 outsize=1823 ok=1
Cmd: compileComputeKernel
  api=4 insize=66874 outsize=1819 ok=1
Cmd: compileComputeKernel
  api=4 insize=66874 outsize=1848 ok=1
Cmd: compileComputeKernel
  api=4 insize=66874 outsize=1998 ok=1
Cmd: compileComputeKernel
  api=4 insize=66874 outsize=1341 ok=1
Cmd: compileComputeKernel
  api=4 insize=66874 outsize=3368 ok=1
Cmd: compileComputeKernel
  api=4 insize=66874 outsize=921 ok=1
Cmd: compileComputeKernel
  api=9 insize=72903 outsize=16024 ok=1
Cmd: compileComputeKernel
  api=9 insize=34089 outsize=1455 ok=1
Cmd: compileComputeKernel
  api=9 insize=34089 outsize=1816 ok=1
Cmd: compileComputeKernel
  api=9 insize=34089 outsize=2210 ok=1
Cmd: compileComputeKernel
  api=9 insize=34089 outsize=1868 ok=1
Cmd: compileComputeKernel
  api=9 insize=34089 outsize=1873 ok=1
Cmd: compileComputeKernel
  api=9 insize=34089 outsize=1978 ok=1
Cmd: compileComputeKernel
  api=9 insize=34089 outsize=2950 ok=1
Cmd: compileComputeKernel
  api=9 insize=34089 outsize=3264 ok=1
Cmd: compileComputeKernel
  api=9 insize=34089 outsize=3024 ok=1
Cmd: compileComputeKernel
  api=9 insize=34089 outsize=2994 ok=1
Cmd: compileComputeKernel
  api=9 insize=34089 outsize=2933 ok=1
Cmd: compileComputeKernel
  api=4 insize=34089 outsize=629 ok=1
Cmd: compileComputeKernel
  api=4 insize=34089 outsize=674 ok=1
Cmd: compileComputeKernel
  api=4 insize=34089 outsize=695 ok=1
Cmd: compileComputeKernel
  api=4 insize=34089 outsize=777 ok=1
Cmd: compileComputeKernel
  api=4 insize=34089 outsize=677 ok=1
Cmd: compileComputeKernel
  api=4 insize=34089 outsize=777 ok=1
Cmd: compileComputeKernel
  api=4 insize=34089 outsize=1321 ok=1
Cmd: compileComputeKernel
  api=4 insize=34089 outsize=1520 ok=1
Cmd: compileComputeKernel
  api=4 insize=34089 outsize=1300 ok=1
Cmd: compileComputeKernel
  api=4 insize=34089 outsize=1336 ok=1
Cmd: compileComputeKernel
  api=4 insize=34089 outsize=1311 ok=1
Cmd: compileComputeKernel
  api=4 insize=34089 outsize=1306 ok=1
Cmd: compileComputeKernel
  api=9 insize=79248 outsize=44925 ok=1
Cmd: compileComputeKernel
  api=4 insize=79248 outsize=9837 ok=1
Cmd: compileComputeKernel
  api=4 insize=79248 outsize=27514 ok=1
Cmd: compileComputeKernel
  api=4 insize=4442 outsize=1590 ok=1
Cmd: compileComputeKernel
  api=4 insize=1900 outsize=3122 ok=1
