Base path: 'C:/Program Files/Unity/Hub/Editor/2019.4.16f1/Editor/Data', plugins path 'C:/Program Files/Unity/Hub/Editor/2019.4.16f1/Editor/Data/PlaybackEngines'
Cmd: initializeCompiler
Cmd: compileSnippet
  api=4 type=1 insize=1602 outsize=2934 kw=UNITY_PASS_FORWARDBASE DIRECTIONAL LIGHTPROBE_SH pd=UNITY_NO_DXT5nm UNITY_ENABLE_REFLECTION_BUFFERS UNITY_NO_CUBEMAP_ARRAY UNITY_NO_SCREENSPACE_SHADOWS UNITY_PBS_USE_BRDF2 SHADER_API_DESKTOP UNITY_HARDWARE_TIER3 UNITY_COLORSPACE_GAMMA UNITY_LIGHTMAP_DLDR_ENCODING ok=1
Cmd: initializeCompiler
Cmd: compileComputeKernel
  api=9 insize=12109 outsize=2655 ok=1
Cmd: compileComputeKernel
  api=9 insize=12109 outsize=5168 ok=1
Cmd: compileComputeKernel
  api=4 insize=12109 outsize=1840 ok=1
Cmd: compileComputeKernel
  api=4 insize=12109 outsize=1580 ok=1
Cmd: compileComputeKernel
  api=9 insize=11985 outsize=3238 ok=1
Cmd: compileComputeKernel
  api=9 insize=11985 outsize=3282 ok=1
Cmd: compileComputeKernel
  api=9 insize=11985 outsize=3500 ok=1
Cmd: compileComputeKernel
  api=4 insize=11985 outsize=1465 ok=1
Cmd: compileComputeKernel
  api=4 insize=11985 outsize=1497 ok=1
Cmd: compileComputeKernel
  api=4 insize=11985 outsize=1616 ok=1
Cmd: compileComputeKernel
  api=9 insize=18301 outsize=4617 ok=1
Cmd: compileComputeKernel
  api=9 insize=18301 outsize=12205 ok=1
Cmd: compileComputeKernel
  api=9 insize=66874 outsize=3737 ok=1
Cmd: compileComputeKernel
  api=9 insize=66874 outsize=5038 ok=1
Cmd: compileComputeKernel
  api=9 insize=66874 outsize=3613 ok=1
Cmd: compileComputeKernel
  api=9 insize=66874 outsize=3003 ok=1
Cmd: compileComputeKernel
  api=9 insize=66874 outsize=3496 ok=1
Cmd: compileComputeKernel
  api=9 insize=66874 outsize=3253 ok=1
Cmd: compileComputeKernel
  api=9 insize=66874 outsize=3001 ok=1
Cmd: compileComputeKernel
  api=9 insize=66874 outsize=4201 ok=1
Cmd: compileComputeKernel
  api=9 insize=66874 outsize=4202 ok=1
Cmd: compileComputeKernel
  api=9 insize=66874 outsize=4245 ok=1
Cmd: compileComputeKernel
  api=9 insize=66874 outsize=3063 ok=1
Cmd: compileComputeKernel
  api=9 insize=66874 outsize=7214 ok=1
Cmd: compileComputeKernel
  api=9 insize=66874 outsize=5405 ok=1
Cmd: compileComputeKernel
  api=4 insize=66874 outsize=2795 ok=1
Cmd: compileComputeKernel
  api=4 insize=66874 outsize=2479 ok=1
Cmd: compileComputeKernel
  api=4 insize=66874 outsize=1407 ok=1
Cmd: compileComputeKernel
  api=4 insize=66874 outsize=1667 ok=1
Cmd: compileComputeKernel
  api=4 insize=66874 outsize=1287 ok=1
Cmd: compileComputeKernel
  api=4 insize=66874 outsize=1310 ok=1
Cmd: compileComputeKernel
  api=4 insize=66874 outsize=1383 ok=1
Cmd: compileComputeKernel
  api=4 insize=66874 outsize=1861 ok=1
Cmd: compileComputeKernel
  api=4 insize=66874 outsize=1777 ok=1
Cmd: compileComputeKernel
  api=4 insize=66874 outsize=1819 ok=1
Cmd: compileComputeKernel
  api=4 insize=66874 outsize=1819 ok=1
Cmd: compileComputeKernel
  api=4 insize=66874 outsize=1853 ok=1
Cmd: compileComputeKernel
  api=4 insize=66874 outsize=1998 ok=1
Cmd: compileComputeKernel
  api=4 insize=66874 outsize=1342 ok=1
Cmd: compileComputeKernel
  api=4 insize=66874 outsize=1590 ok=1
Cmd: compileComputeKernel
  api=4 insize=66874 outsize=1427 ok=1
Cmd: compileComputeKernel
  api=4 insize=66874 outsize=2591 ok=1
Cmd: compileComputeKernel
  api=9 insize=72903 outsize=12536 ok=1
Cmd: compileComputeKernel
  api=9 insize=34089 outsize=1875 ok=1
Cmd: compileComputeKernel
  api=9 insize=34089 outsize=1527 ok=1
Cmd: compileComputeKernel
  api=9 insize=34089 outsize=1666 ok=1
Cmd: compileComputeKernel
  api=9 insize=34089 outsize=1523 ok=1
Cmd: compileComputeKernel
  api=9 insize=34089 outsize=1976 ok=1
Cmd: compileComputeKernel
  api=9 insize=34089 outsize=2834 ok=1
Cmd: compileComputeKernel
  api=9 insize=34089 outsize=3160 ok=1
Cmd: compileComputeKernel
  api=9 insize=34089 outsize=3027 ok=1
Cmd: compileComputeKernel
  api=4 insize=34089 outsize=1369 ok=1
Cmd: compileComputeKernel
  api=4 insize=34089 outsize=1465 ok=1
Cmd: compileComputeKernel
  api=4 insize=34089 outsize=1248 ok=1
Cmd: compileComputeKernel
  api=4 insize=34089 outsize=1369 ok=1
Cmd: compileComputeKernel
  api=4 insize=34089 outsize=1387 ok=1
Cmd: compileComputeKernel
  api=9 insize=79248 outsize=13288 ok=1
Cmd: compileComputeKernel
  api=9 insize=79248 outsize=67345 ok=1
Cmd: compileComputeKernel
  api=4 insize=79248 outsize=24349 ok=1
Cmd: compileComputeKernel
  api=4 insize=4442 outsize=1449 ok=1
Cmd: compileSnippet
  api=4 type=0 insize=1602 outsize=2254 kw=UNITY_PASS_FORWARDBASE DIRECTIONAL SHADOWS_SCREEN LIGHTPROBE_SH _NORMALMAP pd=UNITY_NO_DXT5nm UNITY_ENABLE_REFLECTION_BUFFERS UNITY_NO_CUBEMAP_ARRAY UNITY_NO_SCREENSPACE_SHADOWS UNITY_PBS_USE_BRDF2 SHADER_API_DESKTOP UNITY_HARDWARE_TIER3 UNITY_COLORSPACE_GAMMA UNITY_LIGHTMAP_DLDR_ENCODING ok=1
